<?xml version="1.0" encoding="UTF-8"?>
<!-- Generated by org.testng.reporters.JUnitReportReporter -->
<testsuite hostname="LAPTOP-AG5INDCS" failures="0" tests="1" name="Test.TestNG2" time="12.649" errors="0" timestamp="2022-01-29T21:34:11 IST" skipped="0">
  <testcase classname="Test.TestNG2" name="VerifyUserTab" time="12.649"/>
  <system-out/>
</testsuite> <!-- Test.TestNG2 -->
