<?xml version="1.0" encoding="UTF-8"?>
<!-- Generated by org.testng.reporters.JUnitReportReporter -->
<testsuite hostname="LAPTOP-AG5INDCS" failures="0" tests="2" name="Test.Anotation2" time="0.017" errors="0" timestamp="2022-01-20T16:13:33 IST" skipped="0">
  <testcase classname="Test.Anotation2" name="TestA" time="0.012"/>
  <system-out/>
  <testcase classname="Test.Anotation2" name="TestB" time="0.005"/>
  <system-out/>
</testsuite> <!-- Test.Anotation2 -->
