<?xml version="1.0" encoding="UTF-8"?>
<!-- Generated by org.testng.reporters.JUnitReportReporter -->
<testsuite hostname="LAPTOP-AG5INDCS" failures="0" tests="2" name="Test.TestAnotation1" time="0.010" errors="0" timestamp="2022-01-20T16:13:33 IST" skipped="0">
  <testcase classname="Test.TestAnotation1" name="TestD" time="0.005"/>
  <system-out/>
  <testcase classname="Test.TestAnotation1" name="TestC" time="0.005"/>
  <system-out/>
</testsuite> <!-- Test.TestAnotation1 -->
