<?xml version="1.0" encoding="UTF-8"?>
<!-- Generated by org.testng.reporters.JUnitReportReporter -->
<testsuite hostname="LAPTOP-AG5INDCS" failures="0" tests="1" name="Test.TestNG" time="2.959" errors="0" timestamp="2022-01-20T16:21:38 IST" skipped="0">
  <testcase classname="Test.TestNG" name="LoginpageFace" time="2.959"/>
  <system-out/>
</testsuite> <!-- Test.TestNG -->
