<?xml version="1.0" encoding="UTF-8"?>
<!-- Generated by org.testng.reporters.JUnitReportReporter -->
<testsuite hostname="LAPTOP-AG5INDCS" failures="0" tests="3" name="Test.TestNG1" time="130.157" errors="0" timestamp="2022-01-20T16:08:08 IST" skipped="0">
  <testcase classname="Test.TestNG1" name="HomePageverify" time="87.963"/>
  <system-out/>
  <testcase classname="Test.TestNG1" name="homePagelink" time="7.661"/>
  <system-out/>
  <testcase classname="Test.TestNG1" name="businessLink" time="34.533"/>
  <system-out/>
</testsuite> <!-- Test.TestNG1 -->
