<?xml version="1.0" encoding="UTF-8"?>
<!-- Generated by org.testng.reporters.JUnitReportReporter -->
<testsuite hostname="LAPTOP-AG5INDCS" failures="0" tests="1" name="test.TestNG2" time="45.328" errors="0" timestamp="2022-01-31T12:09:25 IST" skipped="0">
  <testcase classname="test.TestNG2" name="VerifyUserTab" time="45.328"/>
  <system-out/>
</testsuite> <!-- test.TestNG2 -->
